\BOOKMARK [1][-]{section.1}{Overview}{}% 1
\BOOKMARK [2][-]{subsection.1.1}{Development\040Environment}{section.1}% 2
\BOOKMARK [2][-]{subsection.1.2}{File\040Organization}{section.1}% 3
\BOOKMARK [1][-]{section.2}{Design}{}% 4
\BOOKMARK [2][-]{subsection.2.1}{Motivation}{section.2}% 5
\BOOKMARK [2][-]{subsection.2.2}{Features}{section.2}% 6
\BOOKMARK [1][-]{section.3}{Details}{}% 7
\BOOKMARK [2][-]{subsection.3.1}{Kernel}{section.3}% 8
\BOOKMARK [2][-]{subsection.3.2}{Memory}{section.3}% 9
\BOOKMARK [2][-]{subsection.3.3}{Cache}{section.3}% 10
\BOOKMARK [2][-]{subsection.3.4}{Assembler}{section.3}% 11
\BOOKMARK [2][-]{subsection.3.5}{Disassembler}{section.3}% 12
\BOOKMARK [2][-]{subsection.3.6}{Web\040UI}{section.3}% 13
\BOOKMARK [2][-]{subsection.3.7}{Performance\040Analysis}{section.3}% 14
\BOOKMARK [1][-]{section.4}{Evaluation}{}% 15
\BOOKMARK [2][-]{subsection.4.1}{Test\040Cases}{section.4}% 16
\BOOKMARK [2][-]{subsection.4.2}{Performance}{section.4}% 17
\BOOKMARK [1][-]{section.5}{Discussion}{}% 18
\BOOKMARK [2][-]{subsection.5.1}{Memory\040Issues}{section.5}% 19
\BOOKMARK [2][-]{subsection.5.2}{Disassembler\040Issues}{section.5}% 20
\BOOKMARK [2][-]{subsection.5.3}{Limitation\040of\040Cache}{section.5}% 21
\BOOKMARK [2][-]{subsection.5.4}{Limitation\040of\040Test\040Cases}{section.5}% 22
\BOOKMARK [2][-]{subsection.5.5}{Customized\040Instructions}{section.5}% 23
